WARNING:tensorflow:From /home/zhianhuang/yuanhuang/kevislin/anaconda3/envs/scGCN/lib/python3.9/site-packages/tensorflow/python/util/dispatch.py:1082: calling dropout (from tensorflow.python.ops.nn_ops) with keep_prob is deprecated and will be removed in a future version.
Instructions for updating:
Please use `rate` instead of `keep_prob`. Rate should be set to `rate = 1 - keep_prob`.
WARNING:tensorflow:From /home/zhianhuang/yuanhuang/kevislin/anaconda3/envs/scGCN/lib/python3.9/site-packages/tensorflow/python/util/dispatch.py:1082: softmax_cross_entropy_with_logits (from tensorflow.python.ops.nn_ops) is deprecated and will be removed in a future version.
Instructions for updating:

Future major versions of TensorFlow will allow gradients to flow
into the labels input on backprop by default.

See `tf.nn.softmax_cross_entropy_with_logits_v2`.

2022-06-01 22:17:24.320921: I tensorflow/core/platform/cpu_feature_guard.cc:151] This TensorFlow binary is optimized with oneAPI Deep Neural Network Library (oneDNN) to use the following CPU instructions in performance-critical operations:  AVX2 AVX512F FMA
To enable them in other operations, rebuild TensorFlow with the appropriate compiler flags.
2022-06-01 22:17:24.854184: I tensorflow/core/common_runtime/gpu/gpu_device.cc:1525] Created device /job:localhost/replica:0/task:0/device:GPU:0 with 79134 MB memory:  -> device: 0, name: A100-SXM-80GB, pci bus id: 0000:25:00.0, compute capability: 8.0
2022-06-01 22:17:28.016268: I tensorflow/stream_executor/cuda/cuda_blas.cc:1786] TensorFloat-32 will be used for the matrix multiplication. This will only be logged once.
WARNING:tensorflow:From /home/zhianhuang/yuanhuang/kevislin/anaconda3/envs/scGCN/lib/python3.9/site-packages/tensorflow/python/util/dispatch.py:1082: calling dropout (from tensorflow.python.ops.nn_ops) with keep_prob is deprecated and will be removed in a future version.
Instructions for updating:
Please use `rate` instead of `keep_prob`. Rate should be set to `rate = 1 - keep_prob`.
WARNING:tensorflow:From /home/zhianhuang/yuanhuang/kevislin/anaconda3/envs/scGCN/lib/python3.9/site-packages/tensorflow/python/util/dispatch.py:1082: softmax_cross_entropy_with_logits (from tensorflow.python.ops.nn_ops) is deprecated and will be removed in a future version.
Instructions for updating:

Future major versions of TensorFlow will allow gradients to flow
into the labels input on backprop by default.

See `tf.nn.softmax_cross_entropy_with_logits_v2`.

2022-06-01 22:51:31.539507: I tensorflow/core/platform/cpu_feature_guard.cc:151] This TensorFlow binary is optimized with oneAPI Deep Neural Network Library (oneDNN) to use the following CPU instructions in performance-critical operations:  AVX2 AVX512F FMA
To enable them in other operations, rebuild TensorFlow with the appropriate compiler flags.
2022-06-01 22:51:36.113175: I tensorflow/core/common_runtime/gpu/gpu_device.cc:1525] Created device /job:localhost/replica:0/task:0/device:GPU:0 with 79134 MB memory:  -> device: 0, name: A100-SXM-80GB, pci bus id: 0000:1f:00.0, compute capability: 8.0
2022-06-01 22:51:36.116586: I tensorflow/core/common_runtime/gpu/gpu_device.cc:1525] Created device /job:localhost/replica:0/task:0/device:GPU:1 with 69859 MB memory:  -> device: 1, name: A100-SXM-80GB, pci bus id: 0000:25:00.0, compute capability: 8.0
2022-06-01 22:51:36.120106: I tensorflow/core/common_runtime/gpu/gpu_device.cc:1525] Created device /job:localhost/replica:0/task:0/device:GPU:2 with 79134 MB memory:  -> device: 2, name: A100-SXM-80GB, pci bus id: 0000:50:00.0, compute capability: 8.0
2022-06-01 22:51:36.123473: I tensorflow/core/common_runtime/gpu/gpu_device.cc:1525] Created device /job:localhost/replica:0/task:0/device:GPU:3 with 79134 MB memory:  -> device: 3, name: A100-SXM-80GB, pci bus id: 0000:55:00.0, compute capability: 8.0
2022-06-01 22:51:36.126842: I tensorflow/core/common_runtime/gpu/gpu_device.cc:1525] Created device /job:localhost/replica:0/task:0/device:GPU:4 with 79134 MB memory:  -> device: 4, name: A100-SXM-80GB, pci bus id: 0000:8d:00.0, compute capability: 8.0
2022-06-01 22:51:36.130196: I tensorflow/core/common_runtime/gpu/gpu_device.cc:1525] Created device /job:localhost/replica:0/task:0/device:GPU:5 with 79134 MB memory:  -> device: 5, name: A100-SXM-80GB, pci bus id: 0000:92:00.0, compute capability: 8.0
2022-06-01 22:51:36.133652: I tensorflow/core/common_runtime/gpu/gpu_device.cc:1525] Created device /job:localhost/replica:0/task:0/device:GPU:6 with 79134 MB memory:  -> device: 6, name: A100-SXM-80GB, pci bus id: 0000:bf:00.0, compute capability: 8.0
2022-06-01 22:51:36.136998: I tensorflow/core/common_runtime/gpu/gpu_device.cc:1525] Created device /job:localhost/replica:0/task:0/device:GPU:7 with 79134 MB memory:  -> device: 7, name: A100-SXM-80GB, pci bus id: 0000:c5:00.0, compute capability: 8.0
2022-06-01 22:51:39.414625: I tensorflow/stream_executor/cuda/cuda_blas.cc:1786] TensorFloat-32 will be used for the matrix multiplication. This will only be logged once.
WARNING:tensorflow:From /home/zhianhuang/yuanhuang/kevislin/anaconda3/envs/scGCN/lib/python3.9/site-packages/tensorflow/python/util/dispatch.py:1082: calling dropout (from tensorflow.python.ops.nn_ops) with keep_prob is deprecated and will be removed in a future version.
Instructions for updating:
Please use `rate` instead of `keep_prob`. Rate should be set to `rate = 1 - keep_prob`.
WARNING:tensorflow:From /home/zhianhuang/yuanhuang/kevislin/anaconda3/envs/scGCN/lib/python3.9/site-packages/tensorflow/python/util/dispatch.py:1082: softmax_cross_entropy_with_logits (from tensorflow.python.ops.nn_ops) is deprecated and will be removed in a future version.
Instructions for updating:

Future major versions of TensorFlow will allow gradients to flow
into the labels input on backprop by default.

See `tf.nn.softmax_cross_entropy_with_logits_v2`.

2022-06-01 23:00:53.304609: I tensorflow/core/platform/cpu_feature_guard.cc:151] This TensorFlow binary is optimized with oneAPI Deep Neural Network Library (oneDNN) to use the following CPU instructions in performance-critical operations:  AVX2 AVX512F FMA
To enable them in other operations, rebuild TensorFlow with the appropriate compiler flags.
2022-06-01 23:00:57.919211: I tensorflow/core/common_runtime/gpu/gpu_device.cc:1525] Created device /job:localhost/replica:0/task:0/device:GPU:0 with 79134 MB memory:  -> device: 0, name: A100-SXM-80GB, pci bus id: 0000:1f:00.0, compute capability: 8.0
2022-06-01 23:00:57.922733: I tensorflow/core/common_runtime/gpu/gpu_device.cc:1525] Created device /job:localhost/replica:0/task:0/device:GPU:1 with 67775 MB memory:  -> device: 1, name: A100-SXM-80GB, pci bus id: 0000:25:00.0, compute capability: 8.0
2022-06-01 23:00:57.926283: I tensorflow/core/common_runtime/gpu/gpu_device.cc:1525] Created device /job:localhost/replica:0/task:0/device:GPU:2 with 79134 MB memory:  -> device: 2, name: A100-SXM-80GB, pci bus id: 0000:50:00.0, compute capability: 8.0
2022-06-01 23:00:57.929713: I tensorflow/core/common_runtime/gpu/gpu_device.cc:1525] Created device /job:localhost/replica:0/task:0/device:GPU:3 with 79134 MB memory:  -> device: 3, name: A100-SXM-80GB, pci bus id: 0000:55:00.0, compute capability: 8.0
2022-06-01 23:00:57.933106: I tensorflow/core/common_runtime/gpu/gpu_device.cc:1525] Created device /job:localhost/replica:0/task:0/device:GPU:4 with 79134 MB memory:  -> device: 4, name: A100-SXM-80GB, pci bus id: 0000:8d:00.0, compute capability: 8.0
2022-06-01 23:00:57.936525: I tensorflow/core/common_runtime/gpu/gpu_device.cc:1525] Created device /job:localhost/replica:0/task:0/device:GPU:5 with 79134 MB memory:  -> device: 5, name: A100-SXM-80GB, pci bus id: 0000:92:00.0, compute capability: 8.0
2022-06-01 23:00:57.939910: I tensorflow/core/common_runtime/gpu/gpu_device.cc:1525] Created device /job:localhost/replica:0/task:0/device:GPU:6 with 79134 MB memory:  -> device: 6, name: A100-SXM-80GB, pci bus id: 0000:bf:00.0, compute capability: 8.0
2022-06-01 23:00:57.943293: I tensorflow/core/common_runtime/gpu/gpu_device.cc:1525] Created device /job:localhost/replica:0/task:0/device:GPU:7 with 79134 MB memory:  -> device: 7, name: A100-SXM-80GB, pci bus id: 0000:c5:00.0, compute capability: 8.0
2022-06-01 23:01:01.260229: I tensorflow/stream_executor/cuda/cuda_blas.cc:1786] TensorFloat-32 will be used for the matrix multiplication. This will only be logged once.
